#
# There is insufficient memory for the Java Runtime Environment to continue.
# Native memory allocation (malloc) failed to allocate 753456 bytes for Chunk::new
# Possible reasons:
#   The system is out of physical RAM or swap space
#   The process is running with CompressedOops enabled, and the Java Heap may be blocking the growth of the native heap
# Possible solutions:
#   Reduce memory load on the system
#   Increase physical memory or swap space
#   Check if swap backing store is full
#   Decrease Java heap size (-Xmx/-Xms)
#   Decrease number of Java threads
#   Decrease Java thread stack sizes (-Xss)
#   Set larger code cache with -XX:ReservedCodeCacheSize=
#   JVM is running with Unscaled Compressed Oops mode in which the Java heap is
#     placed in the first 4GB address space. The Java Heap base address is the
#     maximum limit for the native heap growth. Please use -XX:HeapBaseMinAddress
#     to set the Java Heap base and to place the Java Heap above 4GB virtual address.
# This output file may be truncated or incomplete.
#
#  Out of Memory Error (arena.cpp:195), pid=22852, tid=19856
#
# JRE version: Java(TM) SE Runtime Environment (16.0.2+7) (build 16.0.2+7-67)
# Java VM: Java HotSpot(TM) 64-Bit Server VM (16.0.2+7-67, mixed mode, sharing, tiered, compressed oops, compressed class ptrs, g1 gc, windows-amd64)
# No core dump will be written. Minidumps are not enabled by default on client versions of Windows
#

---------------  S U M M A R Y ------------

Command Line: -Dfile.encoding=Cp1252 -XX:+ShowCodeDetailsInExceptionMessages bankManagement.SignupThree

Host: Intel(R) Core(TM) i5-6200U CPU @ 2.30GHz, 4 cores, 7G,  Windows 10 , 64 bit Build 19041 (10.0.19041.3155)
Time: Sat Jul 29 05:58:01 2023 India Standard Time elapsed time: 1.978531 seconds (0d 0h 0m 1s)

---------------  T H R E A D  ---------------

Current thread (0x0000019ef89e7240):  JavaThread "C2 CompilerThread0" daemon [_thread_in_native, id=19856, stack(0x000000689ac00000,0x000000689ad00000)]


Current CompileTask:
C2:   1978 1002       4       sun.font.TrueTypeFont::initAllNames (182 bytes)

Stack: [0x000000689ac00000,0x000000689ad00000]
Native frames: (J=compiled Java code, j=interpreted, Vv=VM code, C=native code)
V  [jvm.dll+0x6681ca]
V  [jvm.dll+0x7c9e69]
V  [jvm.dll+0x7cb61e]
V  [jvm.dll+0x7cbc73]
V  [jvm.dll+0x242c55]
V  [jvm.dll+0xadeba]
V  [jvm.dll+0xae45c]
V  [jvm.dll+0x2a4cdf]
V  [jvm.dll+0x573c29]
V  [jvm.dll+0x21e48e]
V  [jvm.dll+0x21798d]
V  [jvm.dll+0x214ffc]
V  [jvm.dll+0x1a1beb]
V  [jvm.dll+0x225158]
V  [jvm.dll+0x22319c]
V  [jvm.dll+0x77fa62]
V  [jvm.dll+0x7795aa]
V  [jvm.dll+0x667066]
C  [ucrtbase.dll+0x21bb2]
C  [KERNEL32.DLL+0x17614]
C  [ntdll.dll+0x526b1]


---------------  P R O C E S S  ---------------

Threads class SMR info:
_java_thread_list=0x0000019efacd25e0, length=16, elements={
0x0000019ef89cfb60, 0x0000019ef89d4a40, 0x0000019ef89e0340, 0x0000019ef89e0f40,
0x0000019ef89e5a60, 0x0000019ef89e6460, 0x0000019ef89e7240, 0x0000019ef8a05a20,
0x0000019ef8a5ebf0, 0x0000019ef9499180, 0x0000019ef949ddc0, 0x0000019ef9695620,
0x0000019ef9695b40, 0x0000019ef96be060, 0x0000019ef97002a0, 0x0000019ee832c850
}

Java Threads: ( => current thread )
  0x0000019ef89cfb60 JavaThread "Reference Handler" daemon [_thread_blocked, id=1708, stack(0x000000689a600000,0x000000689a700000)]
  0x0000019ef89d4a40 JavaThread "Finalizer" daemon [_thread_blocked, id=4948, stack(0x000000689a700000,0x000000689a800000)]
  0x0000019ef89e0340 JavaThread "Signal Dispatcher" daemon [_thread_blocked, id=21288, stack(0x000000689a800000,0x000000689a900000)]
  0x0000019ef89e0f40 JavaThread "Attach Listener" daemon [_thread_blocked, id=18208, stack(0x000000689a900000,0x000000689aa00000)]
  0x0000019ef89e5a60 JavaThread "Service Thread" daemon [_thread_blocked, id=23572, stack(0x000000689aa00000,0x000000689ab00000)]
  0x0000019ef89e6460 JavaThread "Monitor Deflation Thread" daemon [_thread_blocked, id=20448, stack(0x000000689ab00000,0x000000689ac00000)]
=>0x0000019ef89e7240 JavaThread "C2 CompilerThread0" daemon [_thread_in_native, id=19856, stack(0x000000689ac00000,0x000000689ad00000)]
  0x0000019ef8a05a20 JavaThread "C1 CompilerThread0" daemon [_thread_blocked, id=19376, stack(0x000000689ad00000,0x000000689ae00000)]
  0x0000019ef8a5ebf0 JavaThread "Sweeper thread" daemon [_thread_blocked, id=18856, stack(0x000000689ae00000,0x000000689af00000)]
  0x0000019ef9499180 JavaThread "Notification Thread" daemon [_thread_blocked, id=21248, stack(0x000000689af00000,0x000000689b000000)]
  0x0000019ef949ddc0 JavaThread "Common-Cleaner" daemon [_thread_blocked, id=21732, stack(0x000000689b100000,0x000000689b200000)]
  0x0000019ef9695620 JavaThread "Java2D Disposer" daemon [_thread_blocked, id=7832, stack(0x000000689b200000,0x000000689b300000)]
  0x0000019ef9695b40 JavaThread "AWT-Shutdown" [_thread_blocked, id=17352, stack(0x000000689b300000,0x000000689b400000)]
  0x0000019ef96be060 JavaThread "AWT-Windows" daemon [_thread_in_native, id=18016, stack(0x000000689b400000,0x000000689b500000)]
  0x0000019ef97002a0 JavaThread "AWT-EventQueue-0" [_thread_blocked, id=10028, stack(0x000000689b500000,0x000000689b600000)]
  0x0000019ee832c850 JavaThread "DestroyJavaVM" [_thread_blocked, id=20048, stack(0x0000006899f00000,0x000000689a000000)]

Other Threads:
  0x0000019ef89cb020 VMThread "VM Thread" [stack: 0x000000689a500000,0x000000689a600000] [id=18260]
  0x0000019ef949bac0 WatcherThread [stack: 0x000000689b000000,0x000000689b100000] [id=14192]
  0x0000019ee8369280 GCTaskThread "GC Thread#0" [stack: 0x000000689a000000,0x000000689a100000] [id=19124]
  0x0000019ef97edb10 GCTaskThread "GC Thread#1" [stack: 0x000000689b700000,0x000000689b800000] [id=24220]
  0x0000019efa682f90 GCTaskThread "GC Thread#2" [stack: 0x000000689b800000,0x000000689b900000] [id=20500]
  0x0000019efab80fb0 GCTaskThread "GC Thread#3" [stack: 0x000000689b900000,0x000000689ba00000] [id=13384]
  0x0000019ee837a820 ConcurrentGCThread "G1 Main Marker" [stack: 0x000000689a100000,0x000000689a200000] [id=22584]
  0x0000019ee837b310 ConcurrentGCThread "G1 Conc#0" [stack: 0x000000689a200000,0x000000689a300000] [id=16128]
  0x0000019ee83f4dc0 ConcurrentGCThread "G1 Refine#0" [stack: 0x000000689a300000,0x000000689a400000] [id=16472]
  0x0000019efab78890 ConcurrentGCThread "G1 Refine#1" [stack: 0x000000689ba00000,0x000000689bb00000] [id=6736]
  0x0000019ee83f7860 ConcurrentGCThread "G1 Service" [stack: 0x000000689a400000,0x000000689a500000] [id=19392]

Threads with active compile tasks:
C2 CompilerThread0     2216 1002       4       sun.font.TrueTypeFont::initAllNames (182 bytes)

VM state: not at safepoint (normal execution)

VM Mutex/Monitor currently owned by a thread: None

Heap address: 0x0000000081a00000, size: 2022 MB, Compressed Oops mode: 32-bit

CDS archive(s) mapped at: [0x0000000800000000-0x0000000800bb0000-0x0000000800bb0000), size 12255232, SharedBaseAddress: 0x0000000800000000, ArchiveRelocationMode: 0.
Compressed class space mapped at: 0x0000000800c00000-0x0000000840c00000, reserved size: 1073741824
Narrow klass base: 0x0000000800000000, Narrow klass shift: 3, Narrow klass range: 0x100000000

GC Precious Log:
 CPUs: 4 total, 4 available
 Memory: 8083M
 Large Page Support: Disabled
 NUMA Support: Disabled
 Compressed Oops: Enabled (32-bit)
 Heap Region Size: 1M
 Heap Min Capacity: 8M
 Heap Initial Capacity: 128M
 Heap Max Capacity: 2022M
 Pre-touch: Disabled
 Parallel Workers: 4
 Concurrent Workers: 1
 Concurrent Refinement Workers: 4
 Periodic GC: Disabled

Heap:
 garbage-first heap   total 131072K, used 11421K [0x0000000081a00000, 0x0000000100000000)
  region size 1024K, 7 young (7168K), 2 survivors (2048K)
 Metaspace       used 7335K, committed 7552K, reserved 1056768K
  class space    used 775K, committed 896K, reserved 1048576K

Heap Regions: E=young(eden), S=young(survivor), O=old, HS=humongous(starts), HC=humongous(continues), CS=collection set, F=free, OA=open archive, CA=closed archive, TAMS=top-at-mark-start (previous, next)
|   0|0x0000000081a00000, 0x0000000081b00000, 0x0000000081b00000|100%|HS|  |TAMS 0x0000000081a00000, 0x0000000081a00000| Complete 
|   1|0x0000000081b00000, 0x0000000081c00000, 0x0000000081c00000|100%|HC|  |TAMS 0x0000000081b00000, 0x0000000081b00000| Complete 
|   2|0x0000000081c00000, 0x0000000081d00000, 0x0000000081d00000|100%|HC|  |TAMS 0x0000000081c00000, 0x0000000081c00000| Complete 
|   3|0x0000000081d00000, 0x0000000081e00000, 0x0000000081e00000|100%|HC|  |TAMS 0x0000000081d00000, 0x0000000081d00000| Complete 
|   4|0x0000000081e00000, 0x0000000081f00000, 0x0000000081f00000|100%| O|  |TAMS 0x0000000081e00000, 0x0000000081e00000| Untracked 
|   5|0x0000000081f00000, 0x0000000081f27600, 0x0000000082000000| 15%| O|  |TAMS 0x0000000081f00000, 0x0000000081f00000| Untracked 
|   6|0x0000000082000000, 0x0000000082000000, 0x0000000082100000|  0%| F|  |TAMS 0x0000000082000000, 0x0000000082000000| Untracked 
|   7|0x0000000082100000, 0x0000000082100000, 0x0000000082200000|  0%| F|  |TAMS 0x0000000082100000, 0x0000000082100000| Untracked 
|   8|0x0000000082200000, 0x0000000082200000, 0x0000000082300000|  0%| F|  |TAMS 0x0000000082200000, 0x0000000082200000| Untracked 
|   9|0x0000000082300000, 0x0000000082300000, 0x0000000082400000|  0%| F|  |TAMS 0x0000000082300000, 0x0000000082300000| Untracked 
|  10|0x0000000082400000, 0x0000000082400000, 0x0000000082500000|  0%| F|  |TAMS 0x0000000082400000, 0x0000000082400000| Untracked 
|  11|0x0000000082500000, 0x0000000082500000, 0x0000000082600000|  0%| F|  |TAMS 0x0000000082500000, 0x0000000082500000| Untracked 
|  12|0x0000000082600000, 0x0000000082600000, 0x0000000082700000|  0%| F|  |TAMS 0x0000000082600000, 0x0000000082600000| Untracked 
|  13|0x0000000082700000, 0x0000000082700000, 0x0000000082800000|  0%| F|  |TAMS 0x0000000082700000, 0x0000000082700000| Untracked 
|  14|0x0000000082800000, 0x0000000082800000, 0x0000000082900000|  0%| F|  |TAMS 0x0000000082800000, 0x0000000082800000| Untracked 
|  15|0x0000000082900000, 0x0000000082900000, 0x0000000082a00000|  0%| F|  |TAMS 0x0000000082900000, 0x0000000082900000| Untracked 
|  16|0x0000000082a00000, 0x0000000082a00000, 0x0000000082b00000|  0%| F|  |TAMS 0x0000000082a00000, 0x0000000082a00000| Untracked 
|  17|0x0000000082b00000, 0x0000000082b00000, 0x0000000082c00000|  0%| F|  |TAMS 0x0000000082b00000, 0x0000000082b00000| Untracked 
|  18|0x0000000082c00000, 0x0000000082c00000, 0x0000000082d00000|  0%| F|  |TAMS 0x0000000082c00000, 0x0000000082c00000| Untracked 
|  19|0x0000000082d00000, 0x0000000082d00000, 0x0000000082e00000|  0%| F|  |TAMS 0x0000000082d00000, 0x0000000082d00000| Untracked 
|  20|0x0000000082e00000, 0x0000000082e00000, 0x0000000082f00000|  0%| F|  |TAMS 0x0000000082e00000, 0x0000000082e00000| Untracked 
|  21|0x0000000082f00000, 0x0000000082f00000, 0x0000000083000000|  0%| F|  |TAMS 0x0000000082f00000, 0x0000000082f00000| Untracked 
|  22|0x0000000083000000, 0x0000000083000000, 0x0000000083100000|  0%| F|  |TAMS 0x0000000083000000, 0x0000000083000000| Untracked 
|  23|0x0000000083100000, 0x0000000083100000, 0x0000000083200000|  0%| F|  |TAMS 0x0000000083100000, 0x0000000083100000| Untracked 
|  24|0x0000000083200000, 0x0000000083200000, 0x0000000083300000|  0%| F|  |TAMS 0x0000000083200000, 0x0000000083200000| Untracked 
|  25|0x0000000083300000, 0x0000000083300000, 0x0000000083400000|  0%| F|  |TAMS 0x0000000083300000, 0x0000000083300000| Untracked 
|  26|0x0000000083400000, 0x0000000083400000, 0x0000000083500000|  0%| F|  |TAMS 0x0000000083400000, 0x0000000083400000| Untracked 
|  27|0x0000000083500000, 0x0000000083500000, 0x0000000083600000|  0%| F|  |TAMS 0x0000000083500000, 0x0000000083500000| Untracked 
|  28|0x0000000083600000, 0x0000000083600000, 0x0000000083700000|  0%| F|  |TAMS 0x0000000083600000, 0x0000000083600000| Untracked 
|  29|0x0000000083700000, 0x0000000083700000, 0x0000000083800000|  0%| F|  |TAMS 0x0000000083700000, 0x0000000083700000| Untracked 
|  30|0x0000000083800000, 0x0000000083800000, 0x0000000083900000|  0%| F|  |TAMS 0x0000000083800000, 0x0000000083800000| Untracked 
|  31|0x0000000083900000, 0x0000000083900000, 0x0000000083a00000|  0%| F|  |TAMS 0x0000000083900000, 0x0000000083900000| Untracked 
|  32|0x0000000083a00000, 0x0000000083a00000, 0x0000000083b00000|  0%| F|  |TAMS 0x0000000083a00000, 0x0000000083a00000| Untracked 
|  33|0x0000000083b00000, 0x0000000083b00000, 0x0000000083c00000|  0%| F|  |TAMS 0x0000000083b00000, 0x0000000083b00000| Untracked 
|  34|0x0000000083c00000, 0x0000000083c00000, 0x0000000083d00000|  0%| F|  |TAMS 0x0000000083c00000, 0x0000000083c00000| Untracked 
|  35|0x0000000083d00000, 0x0000000083d00000, 0x0000000083e00000|  0%| F|  |TAMS 0x0000000083d00000, 0x0000000083d00000| Untracked 
|  36|0x0000000083e00000, 0x0000000083e00000, 0x0000000083f00000|  0%| F|  |TAMS 0x0000000083e00000, 0x0000000083e00000| Untracked 
|  37|0x0000000083f00000, 0x0000000083f00000, 0x0000000084000000|  0%| F|  |TAMS 0x0000000083f00000, 0x0000000083f00000| Untracked 
|  38|0x0000000084000000, 0x0000000084000000, 0x0000000084100000|  0%| F|  |TAMS 0x0000000084000000, 0x0000000084000000| Untracked 
|  39|0x0000000084100000, 0x0000000084100000, 0x0000000084200000|  0%| F|  |TAMS 0x0000000084100000, 0x0000000084100000| Untracked 
|  40|0x0000000084200000, 0x0000000084200000, 0x0000000084300000|  0%| F|  |TAMS 0x0000000084200000, 0x0000000084200000| Untracked 
|  41|0x0000000084300000, 0x0000000084300000, 0x0000000084400000|  0%| F|  |TAMS 0x0000000084300000, 0x0000000084300000| Untracked 
|  42|0x0000000084400000, 0x0000000084400000, 0x0000000084500000|  0%| F|  |TAMS 0x0000000084400000, 0x0000000084400000| Untracked 
|  43|0x0000000084500000, 0x0000000084500000, 0x0000000084600000|  0%| F|  |TAMS 0x0000000084500000, 0x0000000084500000| Untracked 
|  44|0x0000000084600000, 0x0000000084600000, 0x0000000084700000|  0%| F|  |TAMS 0x0000000084600000, 0x0000000084600000| Untracked 
|  45|0x0000000084700000, 0x0000000084700000, 0x0000000084800000|  0%| F|  |TAMS 0x0000000084700000, 0x0000000084700000| Untracked 
|  46|0x0000000084800000, 0x0000000084800000, 0x0000000084900000|  0%| F|  |TAMS 0x0000000084800000, 0x0000000084800000| Untracked 
|  47|0x0000000084900000, 0x0000000084900000, 0x0000000084a00000|  0%| F|  |TAMS 0x0000000084900000, 0x0000000084900000| Untracked 
|  48|0x0000000084a00000, 0x0000000084a00000, 0x0000000084b00000|  0%| F|  |TAMS 0x0000000084a00000, 0x0000000084a00000| Untracked 
|  49|0x0000000084b00000, 0x0000000084b00000, 0x0000000084c00000|  0%| F|  |TAMS 0x0000000084b00000, 0x0000000084b00000| Untracked 
|  50|0x0000000084c00000, 0x0000000084c00000, 0x0000000084d00000|  0%| F|  |TAMS 0x0000000084c00000, 0x0000000084c00000| Untracked 
|  51|0x0000000084d00000, 0x0000000084d00000, 0x0000000084e00000|  0%| F|  |TAMS 0x0000000084d00000, 0x0000000084d00000| Untracked 
|  52|0x0000000084e00000, 0x0000000084e00000, 0x0000000084f00000|  0%| F|  |TAMS 0x0000000084e00000, 0x0000000084e00000| Untracked 
|  53|0x0000000084f00000, 0x0000000084f00000, 0x0000000085000000|  0%| F|  |TAMS 0x0000000084f00000, 0x0000000084f00000| Untracked 
|  54|0x0000000085000000, 0x0000000085000000, 0x0000000085100000|  0%| F|  |TAMS 0x0000000085000000, 0x0000000085000000| Untracked 
|  55|0x0000000085100000, 0x0000000085100000, 0x0000000085200000|  0%| F|  |TAMS 0x0000000085100000, 0x0000000085100000| Untracked 
|  56|0x0000000085200000, 0x0000000085200000, 0x0000000085300000|  0%| F|  |TAMS 0x0000000085200000, 0x0000000085200000| Untracked 
|  57|0x0000000085300000, 0x0000000085300000, 0x0000000085400000|  0%| F|  |TAMS 0x0000000085300000, 0x0000000085300000| Untracked 
|  58|0x0000000085400000, 0x0000000085400000, 0x0000000085500000|  0%| F|  |TAMS 0x0000000085400000, 0x0000000085400000| Untracked 
|  59|0x0000000085500000, 0x0000000085500000, 0x0000000085600000|  0%| F|  |TAMS 0x0000000085500000, 0x0000000085500000| Untracked 
|  60|0x0000000085600000, 0x0000000085600000, 0x0000000085700000|  0%| F|  |TAMS 0x0000000085600000, 0x0000000085600000| Untracked 
|  61|0x0000000085700000, 0x0000000085700000, 0x0000000085800000|  0%| F|  |TAMS 0x0000000085700000, 0x0000000085700000| Untracked 
|  62|0x0000000085800000, 0x0000000085800000, 0x0000000085900000|  0%| F|  |TAMS 0x0000000085800000, 0x0000000085800000| Untracked 
|  63|0x0000000085900000, 0x0000000085900000, 0x0000000085a00000|  0%| F|  |TAMS 0x0000000085900000, 0x0000000085900000| Untracked 
|  64|0x0000000085a00000, 0x0000000085a00000, 0x0000000085b00000|  0%| F|  |TAMS 0x0000000085a00000, 0x0000000085a00000| Untracked 
|  65|0x0000000085b00000, 0x0000000085b00000, 0x0000000085c00000|  0%| F|  |TAMS 0x0000000085b00000, 0x0000000085b00000| Untracked 
|  66|0x0000000085c00000, 0x0000000085c00000, 0x0000000085d00000|  0%| F|  |TAMS 0x0000000085c00000, 0x0000000085c00000| Untracked 
|  67|0x0000000085d00000, 0x0000000085d00000, 0x0000000085e00000|  0%| F|  |TAMS 0x0000000085d00000, 0x0000000085d00000| Untracked 
|  68|0x0000000085e00000, 0x0000000085e00000, 0x0000000085f00000|  0%| F|  |TAMS 0x0000000085e00000, 0x0000000085e00000| Untracked 
|  69|0x0000000085f00000, 0x0000000085f00000, 0x0000000086000000|  0%| F|  |TAMS 0x0000000085f00000, 0x0000000085f00000| Untracked 
|  70|0x0000000086000000, 0x0000000086000000, 0x0000000086100000|  0%| F|  |TAMS 0x0000000086000000, 0x0000000086000000| Untracked 
|  71|0x0000000086100000, 0x0000000086100000, 0x0000000086200000|  0%| F|  |TAMS 0x0000000086100000, 0x0000000086100000| Untracked 
|  72|0x0000000086200000, 0x0000000086200000, 0x0000000086300000|  0%| F|  |TAMS 0x0000000086200000, 0x0000000086200000| Untracked 
|  73|0x0000000086300000, 0x0000000086300000, 0x0000000086400000|  0%| F|  |TAMS 0x0000000086300000, 0x0000000086300000| Untracked 
|  74|0x0000000086400000, 0x0000000086400000, 0x0000000086500000|  0%| F|  |TAMS 0x0000000086400000, 0x0000000086400000| Untracked 
|  75|0x0000000086500000, 0x0000000086500000, 0x0000000086600000|  0%| F|  |TAMS 0x0000000086500000, 0x0000000086500000| Untracked 
|  76|0x0000000086600000, 0x0000000086600000, 0x0000000086700000|  0%| F|  |TAMS 0x0000000086600000, 0x0000000086600000| Untracked 
|  77|0x0000000086700000, 0x0000000086700000, 0x0000000086800000|  0%| F|  |TAMS 0x0000000086700000, 0x0000000086700000| Untracked 
|  78|0x0000000086800000, 0x0000000086800000, 0x0000000086900000|  0%| F|  |TAMS 0x0000000086800000, 0x0000000086800000| Untracked 
|  79|0x0000000086900000, 0x0000000086900000, 0x0000000086a00000|  0%| F|  |TAMS 0x0000000086900000, 0x0000000086900000| Untracked 
|  80|0x0000000086a00000, 0x0000000086a00000, 0x0000000086b00000|  0%| F|  |TAMS 0x0000000086a00000, 0x0000000086a00000| Untracked 
|  81|0x0000000086b00000, 0x0000000086b00000, 0x0000000086c00000|  0%| F|  |TAMS 0x0000000086b00000, 0x0000000086b00000| Untracked 
|  82|0x0000000086c00000, 0x0000000086c00000, 0x0000000086d00000|  0%| F|  |TAMS 0x0000000086c00000, 0x0000000086c00000| Untracked 
|  83|0x0000000086d00000, 0x0000000086d00000, 0x0000000086e00000|  0%| F|  |TAMS 0x0000000086d00000, 0x0000000086d00000| Untracked 
|  84|0x0000000086e00000, 0x0000000086e00000, 0x0000000086f00000|  0%| F|  |TAMS 0x0000000086e00000, 0x0000000086e00000| Untracked 
|  85|0x0000000086f00000, 0x0000000086f00000, 0x0000000087000000|  0%| F|  |TAMS 0x0000000086f00000, 0x0000000086f00000| Untracked 
|  86|0x0000000087000000, 0x0000000087000000, 0x0000000087100000|  0%| F|  |TAMS 0x0000000087000000, 0x0000000087000000| Untracked 
|  87|0x0000000087100000, 0x0000000087100000, 0x0000000087200000|  0%| F|  |TAMS 0x0000000087100000, 0x0000000087100000| Untracked 
|  88|0x0000000087200000, 0x0000000087200000, 0x0000000087300000|  0%| F|  |TAMS 0x0000000087200000, 0x0000000087200000| Untracked 
|  89|0x0000000087300000, 0x0000000087300000, 0x0000000087400000|  0%| F|  |TAMS 0x0000000087300000, 0x0000000087300000| Untracked 
|  90|0x0000000087400000, 0x0000000087400000, 0x0000000087500000|  0%| F|  |TAMS 0x0000000087400000, 0x0000000087400000| Untracked 
|  91|0x0000000087500000, 0x0000000087500000, 0x0000000087600000|  0%| F|  |TAMS 0x0000000087500000, 0x0000000087500000| Untracked 
|  92|0x0000000087600000, 0x0000000087600000, 0x0000000087700000|  0%| F|  |TAMS 0x0000000087600000, 0x0000000087600000| Untracked 
|  93|0x0000000087700000, 0x0000000087700000, 0x0000000087800000|  0%| F|  |TAMS 0x0000000087700000, 0x0000000087700000| Untracked 
|  94|0x0000000087800000, 0x0000000087800000, 0x0000000087900000|  0%| F|  |TAMS 0x0000000087800000, 0x0000000087800000| Untracked 
|  95|0x0000000087900000, 0x0000000087900000, 0x0000000087a00000|  0%| F|  |TAMS 0x0000000087900000, 0x0000000087900000| Untracked 
|  96|0x0000000087a00000, 0x0000000087a00000, 0x0000000087b00000|  0%| F|  |TAMS 0x0000000087a00000, 0x0000000087a00000| Untracked 
|  97|0x0000000087b00000, 0x0000000087b00000, 0x0000000087c00000|  0%| F|  |TAMS 0x0000000087b00000, 0x0000000087b00000| Untracked 
|  98|0x0000000087c00000, 0x0000000087c00000, 0x0000000087d00000|  0%| F|  |TAMS 0x0000000087c00000, 0x0000000087c00000| Untracked 
|  99|0x0000000087d00000, 0x0000000087d00000, 0x0000000087e00000|  0%| F|  |TAMS 0x0000000087d00000, 0x0000000087d00000| Untracked 
| 100|0x0000000087e00000, 0x0000000087e00000, 0x0000000087f00000|  0%| F|  |TAMS 0x0000000087e00000, 0x0000000087e00000| Untracked 
| 101|0x0000000087f00000, 0x0000000087f00000, 0x0000000088000000|  0%| F|  |TAMS 0x0000000087f00000, 0x0000000087f00000| Untracked 
| 102|0x0000000088000000, 0x0000000088000000, 0x0000000088100000|  0%| F|  |TAMS 0x0000000088000000, 0x0000000088000000| Untracked 
| 103|0x0000000088100000, 0x0000000088100000, 0x0000000088200000|  0%| F|  |TAMS 0x0000000088100000, 0x0000000088100000| Untracked 
| 104|0x0000000088200000, 0x0000000088200000, 0x0000000088300000|  0%| F|  |TAMS 0x0000000088200000, 0x0000000088200000| Untracked 
| 105|0x0000000088300000, 0x0000000088300000, 0x0000000088400000|  0%| F|  |TAMS 0x0000000088300000, 0x0000000088300000| Untracked 
| 106|0x0000000088400000, 0x0000000088400000, 0x0000000088500000|  0%| F|  |TAMS 0x0000000088400000, 0x0000000088400000| Untracked 
| 107|0x0000000088500000, 0x0000000088500000, 0x0000000088600000|  0%| F|  |TAMS 0x0000000088500000, 0x0000000088500000| Untracked 
| 108|0x0000000088600000, 0x0000000088600000, 0x0000000088700000|  0%| F|  |TAMS 0x0000000088600000, 0x0000000088600000| Untracked 
| 109|0x0000000088700000, 0x0000000088700000, 0x0000000088800000|  0%| F|  |TAMS 0x0000000088700000, 0x0000000088700000| Untracked 
| 110|0x0000000088800000, 0x0000000088800000, 0x0000000088900000|  0%| F|  |TAMS 0x0000000088800000, 0x0000000088800000| Untracked 
| 111|0x0000000088900000, 0x0000000088900000, 0x0000000088a00000|  0%| F|  |TAMS 0x0000000088900000, 0x0000000088900000| Untracked 
| 112|0x0000000088a00000, 0x0000000088a00000, 0x0000000088b00000|  0%| F|  |TAMS 0x0000000088a00000, 0x0000000088a00000| Untracked 
| 113|0x0000000088b00000, 0x0000000088c00000, 0x0000000088c00000|100%| S|CS|TAMS 0x0000000088b00000, 0x0000000088b00000| Complete 
| 114|0x0000000088c00000, 0x0000000088d00000, 0x0000000088d00000|100%| S|CS|TAMS 0x0000000088c00000, 0x0000000088c00000| Complete 
| 115|0x0000000088d00000, 0x0000000088d00000, 0x0000000088e00000|  0%| F|  |TAMS 0x0000000088d00000, 0x0000000088d00000| Untracked 
| 116|0x0000000088e00000, 0x0000000088e00000, 0x0000000088f00000|  0%| F|  |TAMS 0x0000000088e00000, 0x0000000088e00000| Untracked 
| 117|0x0000000088f00000, 0x0000000088f00000, 0x0000000089000000|  0%| F|  |TAMS 0x0000000088f00000, 0x0000000088f00000| Untracked 
| 118|0x0000000089000000, 0x0000000089000000, 0x0000000089100000|  0%| F|  |TAMS 0x0000000089000000, 0x0000000089000000| Untracked 
| 119|0x0000000089100000, 0x0000000089100000, 0x0000000089200000|  0%| F|  |TAMS 0x0000000089100000, 0x0000000089100000| Untracked 
| 120|0x0000000089200000, 0x0000000089200000, 0x0000000089300000|  0%| F|  |TAMS 0x0000000089200000, 0x0000000089200000| Untracked 
| 121|0x0000000089300000, 0x0000000089300000, 0x0000000089400000|  0%| F|  |TAMS 0x0000000089300000, 0x0000000089300000| Untracked 
| 122|0x0000000089400000, 0x0000000089400000, 0x0000000089500000|  0%| F|  |TAMS 0x0000000089400000, 0x0000000089400000| Untracked 
| 123|0x0000000089500000, 0x0000000089569920, 0x0000000089600000| 41%| E|  |TAMS 0x0000000089500000, 0x0000000089500000| Complete 
| 124|0x0000000089600000, 0x0000000089700000, 0x0000000089700000|100%| E|CS|TAMS 0x0000000089600000, 0x0000000089600000| Complete 
| 125|0x0000000089700000, 0x0000000089800000, 0x0000000089800000|100%| E|CS|TAMS 0x0000000089700000, 0x0000000089700000| Complete 
| 126|0x0000000089800000, 0x0000000089900000, 0x0000000089900000|100%| E|CS|TAMS 0x0000000089800000, 0x0000000089800000| Complete 
| 127|0x0000000089900000, 0x0000000089a00000, 0x0000000089a00000|100%| E|CS|TAMS 0x0000000089900000, 0x0000000089900000| Complete 

Card table byte_map: [0x0000019ef1d10000,0x0000019ef2110000] _byte_map_base: 0x0000019ef1903000

Marking Bits (Prev, Next): (CMBitMap*) 0x0000019ee8369970, (CMBitMap*) 0x0000019ee83699b0
 Prev Bits: [0x0000019ef2510000, 0x0000019ef44a8000)
 Next Bits: [0x0000019ef44b0000, 0x0000019ef6448000)

Polling page: 0x0000019ee81e0000

Metaspace:

Usage:
  Non-class:      6.41 MB used.
      Class:    775.08 KB used.
       Both:      7.16 MB used.

Virtual space:
  Non-class space:        8.00 MB reserved,       6.50 MB ( 81%) committed,  1 nodes.
      Class space:        1.00 GB reserved,     896.00 KB ( <1%) committed,  1 nodes.
              Both:        1.01 GB reserved,       7.38 MB ( <1%) committed. 

Chunk freelists:
   Non-Class:  1.00 MB
       Class:  3.12 MB
        Both:  4.12 MB

MaxMetaspaceSize: 17179869184.00 GB
CompressedClassSpaceSize: 1.00 GB
 - commit_granule_bytes: 65536.
 - commit_granule_words: 8192.
 - virtual_space_node_default_size: 1048576.
 - enlarge_chunks_in_place: 1.
 - new_chunks_are_fully_committed: 0.
 - uncommit_free_chunks: 1.
 - use_allocation_guard: 0.
 - handle_deallocations: 1.


Internal statistics:

num_allocs_failed_limit: 0.
num_arena_births: 108.
num_arena_deaths: 0.
num_vsnodes_births: 2.
num_vsnodes_deaths: 0.
num_space_committed: 118.
num_space_uncommitted: 0.
num_chunks_returned_to_freelist: 0.
num_chunks_taken_from_freelist: 134.
num_chunk_merges: 0.
num_chunk_splits: 84.
num_chunks_enlarged: 45.
num_purges: 0.

CodeHeap 'non-profiled nmethods': size=120000Kb used=350Kb max_used=350Kb free=119649Kb
 bounds [0x0000019e87ad0000, 0x0000019e87d40000, 0x0000019e8f000000]
CodeHeap 'profiled nmethods': size=120000Kb used=1753Kb max_used=1753Kb free=118246Kb
 bounds [0x0000019e805a0000, 0x0000019e80810000, 0x0000019e87ad0000]
CodeHeap 'non-nmethods': size=5760Kb used=1277Kb max_used=1307Kb free=4482Kb
 bounds [0x0000019e80000000, 0x0000019e80270000, 0x0000019e805a0000]
 total_blobs=1686 nmethods=1086 adapters=513
 compilation: enabled
              stopped_count=0, restarted_count=0
 full_count=0

Compilation events (20 events):
Event: 1.865 Thread 0x0000019ef8a05a20 1020       3       java.awt.geom.Rectangle2D::<init> (5 bytes)
Event: 1.865 Thread 0x0000019ef8a05a20 nmethod 1020 0x0000019e80740c10 code [0x0000019e80740dc0, 0x0000019e80740f78]
Event: 1.865 Thread 0x0000019ef8a05a20 1021       3       java.awt.geom.RectangularShape::<init> (5 bytes)
Event: 1.865 Thread 0x0000019ef8a05a20 nmethod 1021 0x0000019e80741090 code [0x0000019e80741240, 0x0000019e80741398]
Event: 1.865 Thread 0x0000019ef8a05a20 1022       3       java.lang.StringConcatHelper::initialCoder (14 bytes)
Event: 1.865 Thread 0x0000019ef8a05a20 nmethod 1022 0x0000019e80741490 code [0x0000019e80741620, 0x0000019e80741738]
Event: 1.865 Thread 0x0000019ef8a05a20 1023       3       java.lang.Double::doubleToLongBits (16 bytes)
Event: 1.866 Thread 0x0000019ef8a05a20 nmethod 1023 0x0000019e80741790 code [0x0000019e80741940, 0x0000019e80741b98]
Event: 1.867 Thread 0x0000019ef8a05a20 1024       3       java.nio.Buffer::clear (20 bytes)
Event: 1.867 Thread 0x0000019ef8a05a20 nmethod 1024 0x0000019e80741c90 code [0x0000019e80741e20, 0x0000019e80741f38]
Event: 1.868 Thread 0x0000019ef8a05a20 1025       3       java.awt.geom.Point2D$Float::<init> (5 bytes)
Event: 1.868 Thread 0x0000019ef8a05a20 nmethod 1025 0x0000019e80742010 code [0x0000019e807421c0, 0x0000019e80742378]
Event: 1.880 Thread 0x0000019ef8a05a20 1026       3       java.nio.ByteBuffer::clear (7 bytes)
Event: 1.880 Thread 0x0000019ef8a05a20 nmethod 1026 0x0000019e80742490 code [0x0000019e80742640, 0x0000019e807427b8]
Event: 1.891 Thread 0x0000019ef8a05a20 1027       3       java.lang.ref.ReferenceQueue::reallyPoll (65 bytes)
Event: 1.891 Thread 0x0000019ef8a05a20 nmethod 1027 0x0000019e80742890 code [0x0000019e80742a60, 0x0000019e80742f98]
Event: 1.896 Thread 0x0000019ef8a05a20 1028       3       java.lang.Module::isNamed (13 bytes)
Event: 1.896 Thread 0x0000019ef8a05a20 nmethod 1028 0x0000019e80743090 code [0x0000019e80743220, 0x0000019e80743398]
Event: 1.896 Thread 0x0000019ef8a05a20 1029       3       jdk.internal.misc.Unsafe::putByte (8 bytes)
Event: 1.896 Thread 0x0000019ef8a05a20 nmethod 1029 0x0000019e80743410 code [0x0000019e807435a0, 0x0000019e807436b8]

GC Heap History (2 events):
Event: 1.666 GC heap before
{Heap before GC invocations=0 (full 0):
 garbage-first heap   total 131072K, used 17408K [0x0000000081a00000, 0x0000000100000000)
  region size 1024K, 13 young (13312K), 0 survivors (0K)
 Metaspace       used 6691K, committed 6912K, reserved 1056768K
  class space    used 705K, committed 832K, reserved 1048576K
}
Event: 1.677 GC heap after
{Heap after GC invocations=1 (full 0):
 garbage-first heap   total 131072K, used 7325K [0x0000000081a00000, 0x0000000100000000)
  region size 1024K, 2 young (2048K), 2 survivors (2048K)
 Metaspace       used 6691K, committed 6912K, reserved 1056768K
  class space    used 705K, committed 832K, reserved 1048576K
}

Deoptimization events (20 events):
Event: 1.581 Thread 0x0000019ef97002a0 Uncommon trap: trap_request=0xffffff45 fr.pc=0x0000019e87ad96e4 relative=0x0000000000000244
Event: 1.581 Thread 0x0000019ef97002a0 Uncommon trap: reason=unstable_if action=reinterpret pc=0x0000019e87ad96e4 method=java.lang.String.hashCode()I @ 20 c2
Event: 1.581 Thread 0x0000019ef97002a0 DEOPT PACKING pc=0x0000019e87ad96e4 sp=0x000000689b5fceb0
Event: 1.581 Thread 0x0000019ef97002a0 DEOPT UNPACKING pc=0x0000019e8004d72e sp=0x000000689b5fce40 mode 2
Event: 1.609 Thread 0x0000019ef97002a0 Uncommon trap: trap_request=0xffffff45 fr.pc=0x0000019e87b0ecec relative=0x000000000000042c
Event: 1.609 Thread 0x0000019ef97002a0 Uncommon trap: reason=unstable_if action=reinterpret pc=0x0000019e87b0ecec method=java.lang.Character.isSurrogate(C)Z @ 3 c2
Event: 1.609 Thread 0x0000019ef97002a0 DEOPT PACKING pc=0x0000019e87b0ecec sp=0x000000689b5fcb90
Event: 1.609 Thread 0x0000019ef97002a0 DEOPT UNPACKING pc=0x0000019e8004d72e sp=0x000000689b5fcab8 mode 2
Event: 1.678 Thread 0x0000019ef97002a0 Uncommon trap: trap_request=0xffffff45 fr.pc=0x0000019e87b13690 relative=0x00000000000000f0
Event: 1.678 Thread 0x0000019ef97002a0 Uncommon trap: reason=unstable_if action=reinterpret pc=0x0000019e87b13690 method=java.lang.ref.SoftReference.get()Ljava/lang/Object; @ 17 c2
Event: 1.678 Thread 0x0000019ef97002a0 DEOPT PACKING pc=0x0000019e87b13690 sp=0x000000689b5fcd20
Event: 1.678 Thread 0x0000019ef97002a0 DEOPT UNPACKING pc=0x0000019e8004d72e sp=0x000000689b5fccd0 mode 2
Event: 1.688 Thread 0x0000019ef97002a0 Uncommon trap: trap_request=0xffffff45 fr.pc=0x0000019e87b18e24 relative=0x0000000000003fc4
Event: 1.688 Thread 0x0000019ef97002a0 Uncommon trap: reason=unstable_if action=reinterpret pc=0x0000019e87b18e24 method=sun.font.TrueTypeFont.getTableBuffer(I)Ljava/nio/ByteBuffer; @ 93 c2
Event: 1.688 Thread 0x0000019ef97002a0 DEOPT PACKING pc=0x0000019e87b18e24 sp=0x000000689b5fce90
Event: 1.688 Thread 0x0000019ef97002a0 DEOPT UNPACKING pc=0x0000019e8004d72e sp=0x000000689b5fceb0 mode 2
Event: 1.889 Thread 0x0000019ef97002a0 Uncommon trap: trap_request=0xffffff45 fr.pc=0x0000019e87b0a28c relative=0x00000000000000ec
Event: 1.889 Thread 0x0000019ef97002a0 Uncommon trap: reason=unstable_if action=reinterpret pc=0x0000019e87b0a28c method=java.lang.ThreadLocal$ThreadLocalMap.getEntry(Ljava/lang/ThreadLocal;)Ljava/lang/ThreadLocal$ThreadLocalMap$Entry; @ 21 c2
Event: 1.889 Thread 0x0000019ef97002a0 DEOPT PACKING pc=0x0000019e87b0a28c sp=0x000000689b5fd3d0
Event: 1.889 Thread 0x0000019ef97002a0 DEOPT UNPACKING pc=0x0000019e8004d72e sp=0x000000689b5fd2e8 mode 2

Classes unloaded (0 events):
No events

Classes redefined (0 events):
No events

Internal exceptions (17 events):
Event: 0.111 Thread 0x0000019ee832c850 Exception <a 'java/lang/NoSuchMethodError'{0x000000008981cb10}: 'void java.lang.invoke.DirectMethodHandle$Holder.invokeSpecial(java.lang.Object, java.lang.Object, java.lang.Object)'> (0x000000008981cb10) 
thrown [t:\workspace\open\src\hotspot\share\interpreter\linkResolver.cpp, line 790]
Event: 0.193 Thread 0x0000019ee832c850 Exception <a 'java/lang/ClassNotFoundException'{0x0000000089870a98}: sun/awt/resources/spi/awtProvider> (0x0000000089870a98) 
thrown [t:\workspace\open\src\hotspot\share\classfile\systemDictionary.cpp, line 256]
Event: 0.287 Thread 0x0000019ee832c850 Exception <a 'java/io/FileNotFoundException'{0x00000000898ca4e8}> (0x00000000898ca4e8) 
thrown [t:\workspace\open\src\hotspot\share\prims\jni.cpp, line 579]
Event: 0.306 Thread 0x0000019ee832c850 Exception <a 'java/io/FileNotFoundException'{0x00000000898f8ff8}> (0x00000000898f8ff8) 
thrown [t:\workspace\open\src\hotspot\share\prims\jni.cpp, line 579]
Event: 0.307 Thread 0x0000019ee832c850 Exception <a 'java/lang/NoSuchMethodError'{0x00000000898fa1a0}: 'java.lang.Object java.lang.invoke.DirectMethodHandle$Holder.invokeStatic(java.lang.Object)'> (0x00000000898fa1a0) 
thrown [t:\workspace\open\src\hotspot\share\interpreter\linkResolver.cpp, line 790]
Event: 0.461 Thread 0x0000019ee832c850 Exception <a 'java/lang/NoSuchMethodError'{0x000000008974fba0}: 'java.lang.Object java.lang.invoke.DirectMethodHandle$Holder.invokeStaticInit(java.lang.Object)'> (0x000000008974fba0) 
thrown [t:\workspace\open\src\hotspot\share\interpreter\linkResolver.cpp, line 790]
Event: 0.530 Thread 0x0000019ee832c850 Exception <a 'java/lang/NoSuchMethodError'{0x0000000089603de0}: 'java.lang.Object java.lang.invoke.DirectMethodHandle$Holder.newInvokeSpecial(java.lang.Object, java.lang.Object, java.lang.Object, java.lang.Object, java.lang.Object)'> (0x0000000089603de0) 
thrown [t:\workspace\open\src\hotspot\share\interpreter\linkResolver.cpp, line 790]
Event: 0.532 Thread 0x0000019ee832c850 Exception <a 'java/lang/NoSuchMethodError'{0x000000008960f8c8}: 'java.lang.Object java.lang.invoke.DirectMethodHandle$Holder.invokeStatic(java.lang.Object, int, java.lang.Object, java.lang.Object, java.lang.Object, java.lang.Object)'> (0x000000008960f8c8) 
thrown [t:\workspace\open\src\hotspot\share\interpreter\linkResolver.cpp, line 790]
Event: 0.541 Thread 0x0000019ee832c850 Exception <a 'java/lang/NoSuchMethodError'{0x0000000089635990}: 'java.lang.Object java.lang.invoke.DirectMethodHandle$Holder.invokeStatic(java.lang.Object, int, java.lang.Object)'> (0x0000000089635990) 
thrown [t:\workspace\open\src\hotspot\share\interpreter\linkResolver.cpp, line 790]
Event: 0.587 Thread 0x0000019ee832c850 Exception <a 'java/lang/ClassNotFoundException'{0x00000000896edfe0}: com/sun/swing/internal/plaf/metal/resources/spi/metalProvider> (0x00000000896edfe0) 
thrown [t:\workspace\open\src\hotspot\share\classfile\systemDictionary.cpp, line 256]
Event: 0.588 Thread 0x0000019ee832c850 Exception <a 'java/lang/ClassNotFoundException'{0x00000000896f2078}: com/sun/swing/internal/plaf/basic/resources/spi/basicProvider> (0x00000000896f2078) 
thrown [t:\workspace\open\src\hotspot\share\classfile\systemDictionary.cpp, line 256]
Event: 0.622 Thread 0x0000019ef96be060 Exception <a 'java/lang/NoSuchMethodError'{0x0000000089795300}: 'void java.lang.invoke.DirectMethodHandle$Holder.invokeVirtual(java.lang.Object, java.lang.Object)'> (0x0000000089795300) 
thrown [t:\workspace\open\src\hotspot\share\interpreter\linkResolver.cpp, line 790]
Event: 0.638 Thread 0x0000019ee832c850 Exception <a 'java/lang/NoSuchMethodError'{0x0000000089587f00}: 'void java.lang.invoke.DirectMethodHandle$Holder.invokeStaticInit(java.lang.Object)'> (0x0000000089587f00) 
thrown [t:\workspace\open\src\hotspot\share\interpreter\linkResolver.cpp, line 790]
Event: 1.067 Thread 0x0000019ef97002a0 Exception <a 'java/io/FileNotFoundException'{0x0000000089461470}> (0x0000000089461470) 
thrown [t:\workspace\open\src\hotspot\share\prims\jni.cpp, line 579]
Event: 1.106 Thread 0x0000019ef97002a0 Exception <a 'java/io/FileNotFoundException'{0x00000000894917d0}> (0x00000000894917d0) 
thrown [t:\workspace\open\src\hotspot\share\prims\jni.cpp, line 579]
Event: 1.688 Thread 0x0000019ef97002a0 Implicit null exception at 0x0000019e87b151e0 to 0x0000019e87b18e00
Event: 1.889 Thread 0x0000019ef97002a0 Implicit null exception at 0x0000019e87b0a203 to 0x0000019e87b0a274

Events (20 events):
Event: 1.893 loading class sun/java2d/marlin/DTransformingPathConsumer2D$PathTracer done
Event: 1.893 loading class sun/java2d/marlin/DTransformingPathConsumer2D$ClosedPathDetector
Event: 1.893 loading class sun/java2d/marlin/DTransformingPathConsumer2D$ClosedPathDetector done
Event: 1.893 loading class sun/java2d/marlin/DHelpers$PolyStack
Event: 1.893 loading class sun/java2d/marlin/DHelpers$PolyStack done
Event: 1.894 loading class sun/java2d/marlin/DoubleArrayCache$Reference
Event: 1.894 loading class sun/java2d/marlin/DoubleArrayCache$Reference done
Event: 1.894 loading class sun/java2d/marlin/ByteArrayCache$Reference
Event: 1.894 loading class sun/java2d/marlin/ByteArrayCache$Reference done
Event: 1.894 loading class sun/java2d/marlin/DTransformingPathConsumer2D$PathClipFilter
Event: 1.895 loading class sun/java2d/marlin/DTransformingPathConsumer2D$PathClipFilter done
Event: 1.895 loading class sun/java2d/marlin/DHelpers$IndexStack
Event: 1.895 loading class sun/java2d/marlin/DHelpers$IndexStack done
Event: 1.895 loading class sun/java2d/marlin/IntArrayCache$Reference
Event: 1.895 loading class sun/java2d/marlin/IntArrayCache$Reference done
Event: 1.895 loading class sun/java2d/marlin/MarlinCache
Event: 1.895 loading class sun/java2d/marlin/MarlinCache done
Event: 1.895 loading class sun/java2d/marlin/OffHeapArray
Event: 1.895 loading class sun/java2d/marlin/OffHeapArray done
Event: 1.897 loading class sun/java2d/marlin/DRenderer


Dynamic libraries:
0x00007ff62cab0000 - 0x00007ff62cac0000 	D:\java jdk\bin\javaw.exe
0x00007ff845370000 - 0x00007ff845568000 	C:\WINDOWS\SYSTEM32\ntdll.dll
0x00007ff843fa0000 - 0x00007ff84405f000 	C:\WINDOWS\System32\KERNEL32.DLL
0x00007ff842e30000 - 0x00007ff843126000 	C:\WINDOWS\System32\KERNELBASE.dll
0x00007ff842c30000 - 0x00007ff842d30000 	C:\WINDOWS\System32\ucrtbase.dll
0x00007ff837ab0000 - 0x00007ff837ac8000 	D:\java jdk\bin\jli.dll
0x00007ff837ad0000 - 0x00007ff837ae9000 	D:\java jdk\bin\VCRUNTIME140.dll
0x00007ff845100000 - 0x00007ff8451af000 	C:\WINDOWS\System32\ADVAPI32.dll
0x00007ff845290000 - 0x00007ff84532e000 	C:\WINDOWS\System32\msvcrt.dll
0x00007ff843e50000 - 0x00007ff843eec000 	C:\WINDOWS\System32\sechost.dll
0x00007ff8439c0000 - 0x00007ff843ae6000 	C:\WINDOWS\System32\RPCRT4.dll
0x00007ff843820000 - 0x00007ff8439bd000 	C:\WINDOWS\System32\USER32.dll
0x00007ff842a50000 - 0x00007ff842a72000 	C:\WINDOWS\System32\win32u.dll
0x00007ff826b50000 - 0x00007ff826dea000 	C:\WINDOWS\WinSxS\amd64_microsoft.windows.common-controls_6595b64144ccf1df_6.0.19041.1110_none_60b5254171f9507e\COMCTL32.dll
0x00007ff8450d0000 - 0x00007ff8450fc000 	C:\WINDOWS\System32\GDI32.dll
0x00007ff843160000 - 0x00007ff843275000 	C:\WINDOWS\System32\gdi32full.dll
0x00007ff843280000 - 0x00007ff84331d000 	C:\WINDOWS\System32\msvcp_win.dll
0x00007ff836ff0000 - 0x00007ff836ffa000 	C:\WINDOWS\SYSTEM32\VERSION.dll
0x00007ff844560000 - 0x00007ff844590000 	C:\WINDOWS\System32\IMM32.DLL
0x00007ff83a260000 - 0x00007ff83a26c000 	D:\java jdk\bin\vcruntime140_1.dll
0x00007ff812810000 - 0x00007ff8128a1000 	D:\java jdk\bin\msvcp140.dll
0x00007fffd97f0000 - 0x00007fffda39b000 	D:\java jdk\bin\server\jvm.dll
0x00007ff8450c0000 - 0x00007ff8450c8000 	C:\WINDOWS\System32\PSAPI.DLL
0x00007ff8364b0000 - 0x00007ff8364d7000 	C:\WINDOWS\SYSTEM32\WINMM.dll
0x00007ff8149b0000 - 0x00007ff8149b9000 	C:\WINDOWS\SYSTEM32\WSOCK32.dll
0x00007ff8448a0000 - 0x00007ff84490b000 	C:\WINDOWS\System32\WS2_32.dll
0x00007ff8412c0000 - 0x00007ff8412d2000 	C:\WINDOWS\SYSTEM32\kernel.appcore.dll
0x00007ff83a1d0000 - 0x00007ff83a1da000 	D:\java jdk\bin\jimage.dll
0x00007ff8407b0000 - 0x00007ff840994000 	C:\WINDOWS\SYSTEM32\DBGHELP.DLL
0x00007ff836400000 - 0x00007ff836434000 	C:\WINDOWS\SYSTEM32\dbgcore.DLL
0x00007ff842da0000 - 0x00007ff842e22000 	C:\WINDOWS\System32\bcryptPrimitives.dll
0x00007ff837a80000 - 0x00007ff837aa5000 	D:\java jdk\bin\java.dll
0x00007ff844970000 - 0x00007ff8450b4000 	C:\WINDOWS\System32\SHELL32.dll
0x00007ff8409a0000 - 0x00007ff841134000 	C:\WINDOWS\SYSTEM32\windows.storage.dll
0x00007ff8434c0000 - 0x00007ff843814000 	C:\WINDOWS\System32\combase.dll
0x00007ff842490000 - 0x00007ff8424be000 	C:\WINDOWS\SYSTEM32\Wldp.dll
0x00007ff843ef0000 - 0x00007ff843f9d000 	C:\WINDOWS\System32\SHCORE.dll
0x00007ff843df0000 - 0x00007ff843e45000 	C:\WINDOWS\System32\shlwapi.dll
0x00007ff842980000 - 0x00007ff8429a5000 	C:\WINDOWS\SYSTEM32\profapi.dll
0x00007ff8395e0000 - 0x00007ff8395f0000 	D:\java jdk\bin\verify.dll
0x00007ff8202b0000 - 0x00007ff8202c9000 	D:\java jdk\bin\net.dll
0x00007ff839fa0000 - 0x00007ff83a0aa000 	C:\WINDOWS\SYSTEM32\WINHTTP.dll
0x00007ff842180000 - 0x00007ff8421ea000 	C:\WINDOWS\system32\mswsock.dll
0x00007ff8187e0000 - 0x00007ff8187f3000 	D:\java jdk\bin\nio.dll
0x00007ff8215e0000 - 0x00007ff8215f8000 	D:\java jdk\bin\zip.dll
0x00007ff80e0a0000 - 0x00007ff80e220000 	D:\java jdk\bin\awt.dll
0x00007ff844740000 - 0x00007ff84480d000 	C:\WINDOWS\System32\OLEAUT32.dll
0x00007ff83f870000 - 0x00007ff83f901000 	C:\WINDOWS\SYSTEM32\apphelp.dll
0x00007ff8401c0000 - 0x00007ff8401ef000 	C:\WINDOWS\system32\DWMAPI.DLL
0x00007ff83fda0000 - 0x00007ff83fe3e000 	C:\WINDOWS\system32\uxtheme.dll
0x00007ff807b90000 - 0x00007ff807cb5000 	C:\WINDOWS\system32\opengl32.dll
0x00007ff816350000 - 0x00007ff81637c000 	C:\WINDOWS\SYSTEM32\GLU32.dll
0x00007ff843c20000 - 0x00007ff843d34000 	C:\WINDOWS\System32\MSCTF.dll
0x00007ff843af0000 - 0x00007ff843c1a000 	C:\WINDOWS\System32\ole32.dll
0x00007ff818c70000 - 0x00007ff818cf9000 	D:\java jdk\bin\freetype.dll
0x00007ff811560000 - 0x00007ff811656000 	D:\java jdk\bin\harfbuzz.dll
0x00007ff836090000 - 0x00007ff8360a2000 	D:\java jdk\bin\fontmanager.dll
0x00007ff836b60000 - 0x00007ff836c59000 	C:\WINDOWS\SYSTEM32\textinputframework.dll
0x00007ff83f150000 - 0x00007ff83f4ae000 	C:\WINDOWS\System32\CoreUIComponents.dll
0x00007ff841b80000 - 0x00007ff841bb3000 	C:\WINDOWS\SYSTEM32\ntmarta.dll
0x00007ff83f580000 - 0x00007ff83f672000 	C:\WINDOWS\System32\CoreMessaging.dll
0x00007ff83efa0000 - 0x00007ff83f0f4000 	C:\WINDOWS\SYSTEM32\wintypes.dll
0x00007ff843d40000 - 0x00007ff843de9000 	C:\WINDOWS\System32\clbcatq.dll

dbghelp: loaded successfully - version: 4.0.5 - missing functions: none
symbol engine: initialized successfully - sym options: 0x614 - pdb path: .;D:\java jdk\bin;C:\WINDOWS\SYSTEM32;C:\WINDOWS\WinSxS\amd64_microsoft.windows.common-controls_6595b64144ccf1df_6.0.19041.1110_none_60b5254171f9507e;D:\java jdk\bin\server

VM Arguments:
jvm_args: -Dfile.encoding=Cp1252 -XX:+ShowCodeDetailsInExceptionMessages 
java_command: bankManagement.SignupThree
java_class_path (initial): D:\adarsh cn\java pgm\bank management system\bin;D:\adarsh cn\java pgm\bank management system\src\jar\jcalendar-tz-1.3.3-4.jar;D:\adarsh cn\java pgm\bank management system\src\jar\mysql-connector-java-8.0.28.jar
Launcher Type: SUN_STANDARD

[Global flags]
     intx CICompilerCount                          = 3                                         {product} {ergonomic}
     uint ConcGCThreads                            = 1                                         {product} {ergonomic}
     uint G1ConcRefinementThreads                  = 4                                         {product} {ergonomic}
   size_t G1HeapRegionSize                         = 1048576                                   {product} {ergonomic}
    uintx GCDrainStackTargetSize                   = 64                                        {product} {ergonomic}
   size_t InitialHeapSize                          = 134217728                                 {product} {ergonomic}
   size_t MarkStackSize                            = 4194304                                   {product} {ergonomic}
   size_t MaxHeapSize                              = 2120220672                                {product} {ergonomic}
   size_t MaxNewSize                               = 1271922688                                {product} {ergonomic}
   size_t MinHeapDeltaBytes                        = 1048576                                   {product} {ergonomic}
   size_t MinHeapSize                              = 8388608                                   {product} {ergonomic}
    uintx NonNMethodCodeHeapSize                   = 5832780                                {pd product} {ergonomic}
    uintx NonProfiledCodeHeapSize                  = 122912730                              {pd product} {ergonomic}
    uintx ProfiledCodeHeapSize                     = 122912730                              {pd product} {ergonomic}
    uintx ReservedCodeCacheSize                    = 251658240                              {pd product} {ergonomic}
     bool SegmentedCodeCache                       = true                                      {product} {ergonomic}
     bool ShowCodeDetailsInExceptionMessages       = true                                   {manageable} {command line}
   size_t SoftMaxHeapSize                          = 2120220672                             {manageable} {ergonomic}
     bool UseCompressedClassPointers               = true                           {product lp64_product} {ergonomic}
     bool UseCompressedOops                        = true                           {product lp64_product} {ergonomic}
     bool UseG1GC                                  = true                                      {product} {ergonomic}
     bool UseLargePagesIndividualAllocation        = false                                  {pd product} {ergonomic}

Logging:
Log output configuration:
 #0: stdout all=warning uptime,level,tags
 #1: stderr all=off uptime,level,tags

Environment Variables:
JAVA_HOME=C:\Users\admin\AppData\Local\Programs\Eclipse Adoptium\jdk-17.0.4.101-hotspot\
PATH=C:/Users/admin/AppData/Local/Programs/Eclipse Adoptium/jdk-17.0.4.101-hotspot/bin/server;C:/Users/admin/AppData/Local/Programs/Eclipse Adoptium/jdk-17.0.4.101-hotspot/bin;C:\Windows;C:\Windows\System32;C:\Windows\System32\Wbem;C:\Program Files\nodejs;C:\Program Files\Git\cmd;D:\adarsh%cn\java\apache-ant-1.9.16;C:\Program Files\MySQL\MySQL Shell 8.0\bin\;C:\Users\admin\AppData\Local\Programs\Eclipse Adoptium\jdk-17.0.4.101-hotspot\bin;C:\Users\admin\AppData\Local\Microsoft\WindowsApps;C:\Users\admin\AppData\Local\atom\bin;C:\Users\admin\AppData\Local\Microsoft\WindowsApps;C:\MinGW\bin;C:\Users\admin\AppData\Local\hyper\app-3.0.2\resources\bin;C:\Users\admin\AppData\Roaming\npm;D:\hyper\app-3.0.2\resources\bin;D:\visual studio code\Microsoft VS Code\bin;C:\Windows\System32;;C:\WINDOWS\system32;
USERNAME=admin
OS=Windows_NT
PROCESSOR_IDENTIFIER=Intel64 Family 6 Model 78 Stepping 3, GenuineIntel



---------------  S Y S T E M  ---------------

OS:
 Windows 10 , 64 bit Build 19041 (10.0.19041.3155)
OS uptime: 3 days 22:39 hours

CPU: total 4 (initial active 4) (2 cores per cpu, 2 threads per core) family 6 model 78 stepping 3 microcode 0xcc, cx8, cmov, fxsr, ht, mmx, 3dnowpref, sse, sse2, sse3, ssse3, sse4.1, sse4.2, popcnt, lzcnt, tsc, tscinvbit, avx, avx2, aes, erms, clmul, bmi1, bmi2, adx, fma, vzeroupper, clflush, clflushopt

Memory: 4k page, system-wide physical 8083M (481M free)
TotalPageFile size 25250M (AvailPageFile size 5M)
current process WorkingSet (physical memory assigned to process): 85M, peak: 85M
current process commit charge ("private bytes"): 227M, peak: 231M

vm_info: Java HotSpot(TM) 64-Bit Server VM (16.0.2+7-67) for windows-amd64 JRE (16.0.2+7-67), built on Jun  8 2021 23:24:19 by "mach5one" with MS VC++ 16.7 (VS2019)

END.
