#
# There is insufficient memory for the Java Runtime Environment to continue.
# Native memory allocation (mmap) failed to map 134217728 bytes for G1 virtual space
# Possible reasons:
#   The system is out of physical RAM or swap space
#   The process is running with CompressedOops enabled, and the Java Heap may be blocking the growth of the native heap
# Possible solutions:
#   Reduce memory load on the system
#   Increase physical memory or swap space
#   Check if swap backing store is full
#   Decrease Java heap size (-Xmx/-Xms)
#   Decrease number of Java threads
#   Decrease Java thread stack sizes (-Xss)
#   Set larger code cache with -XX:ReservedCodeCacheSize=
#   JVM is running with Unscaled Compressed Oops mode in which the Java heap is
#     placed in the first 4GB address space. The Java Heap base address is the
#     maximum limit for the native heap growth. Please use -XX:HeapBaseMinAddress
#     to set the Java Heap base and to place the Java Heap above 4GB virtual address.
# This output file may be truncated or incomplete.
#
#  Out of Memory Error (os_windows.cpp:3466), pid=16140, tid=3084
#
# JRE version:  (16.0.2+7) (build )
# Java VM: Java HotSpot(TM) 64-Bit Server VM (16.0.2+7-67, mixed mode, sharing, tiered, compressed oops, compressed class ptrs, g1 gc, windows-amd64)
# No core dump will be written. Minidumps are not enabled by default on client versions of Windows
#

---------------  S U M M A R Y ------------

Command Line: -Dfile.encoding=Cp1252 -XX:+ShowCodeDetailsInExceptionMessages bankManagement.SignupThree

Host: Intel(R) Core(TM) i5-6200U CPU @ 2.30GHz, 4 cores, 7G,  Windows 10 , 64 bit Build 19041 (10.0.19041.3155)
Time: Sat Jul 29 06:41:58 2023 India Standard Time elapsed time: 0.014423 seconds (0d 0h 0m 0s)

---------------  T H R E A D  ---------------

Current thread (0x000002357a1fd470):  JavaThread "Unknown thread" [_thread_in_vm, id=3084, stack(0x0000004b35c00000,0x0000004b35d00000)]

Stack: [0x0000004b35c00000,0x0000004b35d00000]
Native frames: (J=compiled Java code, j=interpreted, Vv=VM code, C=native code)
V  [jvm.dll+0x6681ca]
V  [jvm.dll+0x7c9e69]
V  [jvm.dll+0x7cb61e]
V  [jvm.dll+0x7cbc73]
V  [jvm.dll+0x242c55]
V  [jvm.dll+0x664f89]
V  [jvm.dll+0x659b75]
V  [jvm.dll+0x2fbfbb]
V  [jvm.dll+0x3031b6]
V  [jvm.dll+0x35299e]
V  [jvm.dll+0x352bcf]
V  [jvm.dll+0x2d3028]
V  [jvm.dll+0x2d4264]
V  [jvm.dll+0x79c741]
V  [jvm.dll+0x360791]
V  [jvm.dll+0x77a3f0]
V  [jvm.dll+0x3e4e8f]
V  [jvm.dll+0x3e6961]
C  [jli.dll+0x52fb]
C  [ucrtbase.dll+0x21bb2]
C  [KERNEL32.DLL+0x17614]
C  [ntdll.dll+0x526b1]


---------------  P R O C E S S  ---------------

Threads class SMR info:
_java_thread_list=0x00007fffda2fcbb8, length=0, elements={
}

Java Threads: ( => current thread )

Other Threads:
  0x000002357a23ac40 GCTaskThread "GC Thread#0" [stack: 0x0000004b35d00000,0x0000004b35e00000] [id=19204]
  0x000002357a24c1e0 ConcurrentGCThread "G1 Main Marker" [stack: 0x0000004b35e00000,0x0000004b35f00000] [id=11028]
  0x000002357a24ccd0 ConcurrentGCThread "G1 Conc#0" [stack: 0x0000004b35f00000,0x0000004b36000000] [id=23832]

[error occurred during error reporting (printing all threads), id 0xc0000005, EXCEPTION_ACCESS_VIOLATION (0xc0000005) at pc=0x00007fffd9ad3ee7]

VM state: not at safepoint (not fully initialized)

VM Mutex/Monitor currently owned by a thread:  ([mutex/lock_event])
[0x000002357a1fa160] Heap_lock - owner thread: 0x000002357a1fd470

Heap address: 0x0000000081a00000, size: 2022 MB, Compressed Oops mode: 32-bit

CDS archive(s) mapped at: [0x0000000000000000-0x0000000000000000-0x0000000000000000), size 0, SharedBaseAddress: 0x0000000800000000, ArchiveRelocationMode: 0.
Narrow klass base: 0x0000000000000000, Narrow klass shift: 0, Narrow klass range: 0x0

GC Precious Log:
<Empty>

Heap:
 garbage-first heap   total 0K, used 0K [0x0000000081a00000, 0x0000000100000000)
  region size 1024K, 0 young (0K), 0 survivors (0K)

[error occurred during error reporting (printing heap information), id 0xc0000005, EXCEPTION_ACCESS_VIOLATION (0xc0000005) at pc=0x00007fffd9eb1eed]

GC Heap History (0 events):
No events

Deoptimization events (0 events):
No events

Classes unloaded (0 events):
No events

Classes redefined (0 events):
No events

Internal exceptions (0 events):
No events

Events (1 events):
Event: 0.009 Loaded shared library D:\java jdk\bin\java.dll


Dynamic libraries:
0x00007ff62cab0000 - 0x00007ff62cac0000 	D:\java jdk\bin\javaw.exe
0x00007ff845370000 - 0x00007ff845568000 	C:\WINDOWS\SYSTEM32\ntdll.dll
0x00007ff843fa0000 - 0x00007ff84405f000 	C:\WINDOWS\System32\KERNEL32.DLL
0x00007ff842e30000 - 0x00007ff843126000 	C:\WINDOWS\System32\KERNELBASE.dll
0x00007ff842c30000 - 0x00007ff842d30000 	C:\WINDOWS\System32\ucrtbase.dll
0x00007ff837ab0000 - 0x00007ff837ac8000 	D:\java jdk\bin\jli.dll
0x00007ff837ad0000 - 0x00007ff837ae9000 	D:\java jdk\bin\VCRUNTIME140.dll
0x00007ff845100000 - 0x00007ff8451af000 	C:\WINDOWS\System32\ADVAPI32.dll
0x00007ff845290000 - 0x00007ff84532e000 	C:\WINDOWS\System32\msvcrt.dll
0x00007ff843e50000 - 0x00007ff843eec000 	C:\WINDOWS\System32\sechost.dll
0x00007ff8439c0000 - 0x00007ff843ae6000 	C:\WINDOWS\System32\RPCRT4.dll
0x00007ff843820000 - 0x00007ff8439bd000 	C:\WINDOWS\System32\USER32.dll
0x00007ff826b50000 - 0x00007ff826dea000 	C:\WINDOWS\WinSxS\amd64_microsoft.windows.common-controls_6595b64144ccf1df_6.0.19041.1110_none_60b5254171f9507e\COMCTL32.dll
0x00007ff842a50000 - 0x00007ff842a72000 	C:\WINDOWS\System32\win32u.dll
0x00007ff8450d0000 - 0x00007ff8450fc000 	C:\WINDOWS\System32\GDI32.dll
0x00007ff843160000 - 0x00007ff843275000 	C:\WINDOWS\System32\gdi32full.dll
0x00007ff843280000 - 0x00007ff84331d000 	C:\WINDOWS\System32\msvcp_win.dll
0x00007ff836ff0000 - 0x00007ff836ffa000 	C:\WINDOWS\SYSTEM32\VERSION.dll
0x00007ff844560000 - 0x00007ff844590000 	C:\WINDOWS\System32\IMM32.DLL
0x00007ff83a260000 - 0x00007ff83a26c000 	D:\java jdk\bin\vcruntime140_1.dll
0x00007ff812810000 - 0x00007ff8128a1000 	D:\java jdk\bin\msvcp140.dll
0x00007fffd97f0000 - 0x00007fffda39b000 	D:\java jdk\bin\server\jvm.dll
0x00007ff8450c0000 - 0x00007ff8450c8000 	C:\WINDOWS\System32\PSAPI.DLL
0x00007ff8149b0000 - 0x00007ff8149b9000 	C:\WINDOWS\SYSTEM32\WSOCK32.dll
0x00007ff8364b0000 - 0x00007ff8364d7000 	C:\WINDOWS\SYSTEM32\WINMM.dll
0x00007ff8448a0000 - 0x00007ff84490b000 	C:\WINDOWS\System32\WS2_32.dll
0x00007ff8412c0000 - 0x00007ff8412d2000 	C:\WINDOWS\SYSTEM32\kernel.appcore.dll
0x00007ff83a1d0000 - 0x00007ff83a1da000 	D:\java jdk\bin\jimage.dll
0x00007ff8407b0000 - 0x00007ff840994000 	C:\WINDOWS\SYSTEM32\DBGHELP.DLL
0x00007ff836400000 - 0x00007ff836434000 	C:\WINDOWS\SYSTEM32\dbgcore.DLL
0x00007ff842da0000 - 0x00007ff842e22000 	C:\WINDOWS\System32\bcryptPrimitives.dll
0x00007ff837a80000 - 0x00007ff837aa5000 	D:\java jdk\bin\java.dll

dbghelp: loaded successfully - version: 4.0.5 - missing functions: none
symbol engine: initialized successfully - sym options: 0x614 - pdb path: .;D:\java jdk\bin;C:\WINDOWS\SYSTEM32;C:\WINDOWS\WinSxS\amd64_microsoft.windows.common-controls_6595b64144ccf1df_6.0.19041.1110_none_60b5254171f9507e;D:\java jdk\bin\server

VM Arguments:
jvm_args: -Dfile.encoding=Cp1252 -XX:+ShowCodeDetailsInExceptionMessages 
java_command: bankManagement.SignupThree
java_class_path (initial): D:\adarsh cn\java pgm\bank management system\bin;D:\adarsh cn\java pgm\bank management system\src\jar\jcalendar-tz-1.3.3-4.jar;D:\adarsh cn\java pgm\bank management system\src\jar\mysql-connector-java-8.0.28.jar
Launcher Type: SUN_STANDARD

[Global flags]
     intx CICompilerCount                          = 3                                         {product} {ergonomic}
     uint ConcGCThreads                            = 1                                         {product} {ergonomic}
     uint G1ConcRefinementThreads                  = 4                                         {product} {ergonomic}
   size_t G1HeapRegionSize                         = 1048576                                   {product} {ergonomic}
    uintx GCDrainStackTargetSize                   = 64                                        {product} {ergonomic}
   size_t InitialHeapSize                          = 134217728                                 {product} {ergonomic}
   size_t MarkStackSize                            = 4194304                                   {product} {ergonomic}
   size_t MaxHeapSize                              = 2120220672                                {product} {ergonomic}
   size_t MinHeapDeltaBytes                        = 1048576                                   {product} {ergonomic}
   size_t MinHeapSize                              = 8388608                                   {product} {ergonomic}
    uintx NonNMethodCodeHeapSize                   = 5832780                                {pd product} {ergonomic}
    uintx NonProfiledCodeHeapSize                  = 122912730                              {pd product} {ergonomic}
    uintx ProfiledCodeHeapSize                     = 122912730                              {pd product} {ergonomic}
    uintx ReservedCodeCacheSize                    = 251658240                              {pd product} {ergonomic}
     bool SegmentedCodeCache                       = true                                      {product} {ergonomic}
     bool ShowCodeDetailsInExceptionMessages       = true                                   {manageable} {command line}
   size_t SoftMaxHeapSize                          = 2120220672                             {manageable} {ergonomic}
     bool UseCompressedClassPointers               = true                           {product lp64_product} {ergonomic}
     bool UseCompressedOops                        = true                           {product lp64_product} {ergonomic}
     bool UseG1GC                                  = true                                      {product} {ergonomic}
     bool UseLargePagesIndividualAllocation        = false                                  {pd product} {ergonomic}

Logging:
Log output configuration:
 #0: stdout all=warning uptime,level,tags
 #1: stderr all=off uptime,level,tags

Environment Variables:
JAVA_HOME=C:\Users\admin\AppData\Local\Programs\Eclipse Adoptium\jdk-17.0.4.101-hotspot\
PATH=C:/Users/admin/AppData/Local/Programs/Eclipse Adoptium/jdk-17.0.4.101-hotspot/bin/server;C:/Users/admin/AppData/Local/Programs/Eclipse Adoptium/jdk-17.0.4.101-hotspot/bin;C:\Windows;C:\Windows\System32;C:\Windows\System32\Wbem;C:\Program Files\nodejs;C:\Program Files\Git\cmd;D:\adarsh%cn\java\apache-ant-1.9.16;C:\Program Files\MySQL\MySQL Shell 8.0\bin\;C:\Users\admin\AppData\Local\Programs\Eclipse Adoptium\jdk-17.0.4.101-hotspot\bin;C:\Users\admin\AppData\Local\Microsoft\WindowsApps;C:\Users\admin\AppData\Local\atom\bin;C:\Users\admin\AppData\Local\Microsoft\WindowsApps;C:\MinGW\bin;C:\Users\admin\AppData\Local\hyper\app-3.0.2\resources\bin;C:\Users\admin\AppData\Roaming\npm;D:\hyper\app-3.0.2\resources\bin;D:\visual studio code\Microsoft VS Code\bin;C:\Windows\System32;;C:\WINDOWS\system32;
USERNAME=admin
OS=Windows_NT
PROCESSOR_IDENTIFIER=Intel64 Family 6 Model 78 Stepping 3, GenuineIntel



---------------  S Y S T E M  ---------------

OS:
 Windows 10 , 64 bit Build 19041 (10.0.19041.3155)
OS uptime: 3 days 23:23 hours

CPU: total 4 (initial active 4) (2 cores per cpu, 2 threads per core) family 6 model 78 stepping 3 microcode 0xcc, cx8, cmov, fxsr, ht, mmx, 3dnowpref, sse, sse2, sse3, ssse3, sse4.1, sse4.2, popcnt, lzcnt, tsc, tscinvbit, avx, avx2, aes, erms, clmul, bmi1, bmi2, adx, fma, vzeroupper, clflush, clflushopt

Memory: 4k page, system-wide physical 8083M (1331M free)
TotalPageFile size 25506M (AvailPageFile size 69M)
current process WorkingSet (physical memory assigned to process): 10M, peak: 10M
current process commit charge ("private bytes"): 51M, peak: 179M

vm_info: Java HotSpot(TM) 64-Bit Server VM (16.0.2+7-67) for windows-amd64 JRE (16.0.2+7-67), built on Jun  8 2021 23:24:19 by "mach5one" with MS VC++ 16.7 (VS2019)

END.
