#
# There is insufficient memory for the Java Runtime Environment to continue.
# Native memory allocation (mmap) failed to map 134217728 bytes for G1 virtual space
# Possible reasons:
#   The system is out of physical RAM or swap space
#   The process is running with CompressedOops enabled, and the Java Heap may be blocking the growth of the native heap
# Possible solutions:
#   Reduce memory load on the system
#   Increase physical memory or swap space
#   Check if swap backing store is full
#   Decrease Java heap size (-Xmx/-Xms)
#   Decrease number of Java threads
#   Decrease Java thread stack sizes (-Xss)
#   Set larger code cache with -XX:ReservedCodeCacheSize=
#   JVM is running with Unscaled Compressed Oops mode in which the Java heap is
#     placed in the first 4GB address space. The Java Heap base address is the
#     maximum limit for the native heap growth. Please use -XX:HeapBaseMinAddress
#     to set the Java Heap base and to place the Java Heap above 4GB virtual address.
# This output file may be truncated or incomplete.
#
#  Out of Memory Error (os_windows.cpp:3466), pid=22140, tid=21464
#
# JRE version:  (16.0.2+7) (build )
# Java VM: Java HotSpot(TM) 64-Bit Server VM (16.0.2+7-67, mixed mode, sharing, tiered, compressed oops, compressed class ptrs, g1 gc, windows-amd64)
# No core dump will be written. Minidumps are not enabled by default on client versions of Windows
#

---------------  S U M M A R Y ------------

Command Line: -Dfile.encoding=Cp1252 -XX:+ShowCodeDetailsInExceptionMessages bankManagement.MiniStatement

Host: Intel(R) Core(TM) i5-6200U CPU @ 2.30GHz, 4 cores, 7G,  Windows 10 , 64 bit Build 19041 (10.0.19041.3155)
Time: Sat Aug  5 10:16:50 2023 India Standard Time elapsed time: 0.205489 seconds (0d 0h 0m 0s)

---------------  T H R E A D  ---------------

Current thread (0x000001e86bac3a90):  JavaThread "Unknown thread" [_thread_in_vm, id=21464, stack(0x0000005f9d700000,0x0000005f9d800000)]

Stack: [0x0000005f9d700000,0x0000005f9d800000]
Native frames: (J=compiled Java code, j=interpreted, Vv=VM code, C=native code)
V  [jvm.dll+0x6681ca]
V  [jvm.dll+0x7c9e69]
V  [jvm.dll+0x7cb61e]
V  [jvm.dll+0x7cbc73]
V  [jvm.dll+0x242c55]
V  [jvm.dll+0x664f89]
V  [jvm.dll+0x659b75]
V  [jvm.dll+0x2fbfbb]
V  [jvm.dll+0x3031b6]
V  [jvm.dll+0x35299e]
V  [jvm.dll+0x352bcf]
V  [jvm.dll+0x2d3028]
V  [jvm.dll+0x2d4264]
V  [jvm.dll+0x79c741]
V  [jvm.dll+0x360791]
V  [jvm.dll+0x77a3f0]
V  [jvm.dll+0x3e4e8f]
V  [jvm.dll+0x3e6961]
C  [jli.dll+0x52fb]
C  [ucrtbase.dll+0x21bb2]
C  [KERNEL32.DLL+0x17614]
C  [ntdll.dll+0x526b1]


---------------  P R O C E S S  ---------------

Threads class SMR info:
_java_thread_list=0x00007ff92a49cbb8, length=0, elements={
}

Java Threads: ( => current thread )

Other Threads:
  0x000001e86bafacd0 GCTaskThread "GC Thread#0" [stack: 0x0000005f9d800000,0x0000005f9d900000] [id=17332]
  0x000001e86bb0c170 ConcurrentGCThread "G1 Main Marker" [stack: 0x0000005f9d900000,0x0000005f9da00000] [id=7584]
  0x000001e86bb0cb60 ConcurrentGCThread "G1 Conc#0" [stack: 0x0000005f9da00000,0x0000005f9db00000] [id=9856]

[error occurred during error reporting (printing all threads), id 0xc0000005, EXCEPTION_ACCESS_VIOLATION (0xc0000005) at pc=0x00007ff929c73ee7]

VM state: not at safepoint (not fully initialized)

VM Mutex/Monitor currently owned by a thread:  ([mutex/lock_event])
[0x000001e86babe5f0] Heap_lock - owner thread: 0x000001e86bac3a90

Heap address: 0x0000000081a00000, size: 2022 MB, Compressed Oops mode: 32-bit

CDS archive(s) mapped at: [0x0000000000000000-0x0000000000000000-0x0000000000000000), size 0, SharedBaseAddress: 0x0000000800000000, ArchiveRelocationMode: 0.
Narrow klass base: 0x0000000000000000, Narrow klass shift: 0, Narrow klass range: 0x0

GC Precious Log:
<Empty>

Heap:
 garbage-first heap   total 0K, used 0K [0x0000000081a00000, 0x0000000100000000)
  region size 1024K, 0 young (0K), 0 survivors (0K)

[error occurred during error reporting (printing heap information), id 0xc0000005, EXCEPTION_ACCESS_VIOLATION (0xc0000005) at pc=0x00007ff92a051eed]

GC Heap History (0 events):
No events

Deoptimization events (0 events):
No events

Classes unloaded (0 events):
No events

Classes redefined (0 events):
No events

Internal exceptions (0 events):
No events

Events (1 events):
Event: 0.015 Loaded shared library D:\java jdk\bin\java.dll


Dynamic libraries:
0x00007ff7aaee0000 - 0x00007ff7aaef0000 	D:\java jdk\bin\javaw.exe
0x00007ff995ff0000 - 0x00007ff9961e8000 	C:\WINDOWS\SYSTEM32\ntdll.dll
0x00007ff995c20000 - 0x00007ff995cdf000 	C:\WINDOWS\System32\KERNEL32.DLL
0x00007ff9936d0000 - 0x00007ff9939c6000 	C:\WINDOWS\System32\KERNELBASE.dll
0x00007ff993cf0000 - 0x00007ff993df0000 	C:\WINDOWS\System32\ucrtbase.dll
0x00007ff98e370000 - 0x00007ff98e388000 	D:\java jdk\bin\jli.dll
0x00007ff98dce0000 - 0x00007ff98dcf9000 	D:\java jdk\bin\VCRUNTIME140.dll
0x00007ff9953c0000 - 0x00007ff99546f000 	C:\WINDOWS\System32\ADVAPI32.dll
0x00007ff9943b0000 - 0x00007ff99444e000 	C:\WINDOWS\System32\msvcrt.dll
0x00007ff994070000 - 0x00007ff99410c000 	C:\WINDOWS\System32\sechost.dll
0x00007ff994f80000 - 0x00007ff9950a6000 	C:\WINDOWS\System32\RPCRT4.dll
0x00007ff995220000 - 0x00007ff9953bd000 	C:\WINDOWS\System32\USER32.dll
0x00007ff9939d0000 - 0x00007ff9939f2000 	C:\WINDOWS\System32\win32u.dll
0x00007ff9761a0000 - 0x00007ff97643a000 	C:\WINDOWS\WinSxS\amd64_microsoft.windows.common-controls_6595b64144ccf1df_6.0.19041.1110_none_60b5254171f9507e\COMCTL32.dll
0x00007ff995ed0000 - 0x00007ff995efc000 	C:\WINDOWS\System32\GDI32.dll
0x00007ff993a70000 - 0x00007ff993b85000 	C:\WINDOWS\System32\gdi32full.dll
0x00007ff993fb0000 - 0x00007ff99404d000 	C:\WINDOWS\System32\msvcp_win.dll
0x00007ff977e50000 - 0x00007ff977e5a000 	C:\WINDOWS\SYSTEM32\VERSION.dll
0x00007ff995190000 - 0x00007ff9951c0000 	C:\WINDOWS\System32\IMM32.DLL
0x00007ff98e3c0000 - 0x00007ff98e3cc000 	D:\java jdk\bin\vcruntime140_1.dll
0x00007ff968430000 - 0x00007ff9684c1000 	D:\java jdk\bin\msvcp140.dll
0x00007ff929990000 - 0x00007ff92a53b000 	D:\java jdk\bin\server\jvm.dll
0x00007ff994110000 - 0x00007ff994118000 	C:\WINDOWS\System32\PSAPI.DLL
0x00007ff97fbf0000 - 0x00007ff97fc17000 	C:\WINDOWS\SYSTEM32\WINMM.dll
0x00007ff98e8d0000 - 0x00007ff98e8d9000 	C:\WINDOWS\SYSTEM32\WSOCK32.dll
0x00007ff994180000 - 0x00007ff9941eb000 	C:\WINDOWS\System32\WS2_32.dll
0x00007ff992210000 - 0x00007ff992222000 	C:\WINDOWS\SYSTEM32\kernel.appcore.dll
0x00007ff98dcd0000 - 0x00007ff98dcda000 	D:\java jdk\bin\jimage.dll
0x00007ff991be0000 - 0x00007ff991dc4000 	C:\WINDOWS\SYSTEM32\DBGHELP.DLL
0x00007ff987510000 - 0x00007ff987544000 	C:\WINDOWS\SYSTEM32\dbgcore.DLL
0x00007ff993f20000 - 0x00007ff993fa2000 	C:\WINDOWS\System32\bcryptPrimitives.dll
0x00007ff98dca0000 - 0x00007ff98dcc5000 	D:\java jdk\bin\java.dll

dbghelp: loaded successfully - version: 4.0.5 - missing functions: none
symbol engine: initialized successfully - sym options: 0x614 - pdb path: .;D:\java jdk\bin;C:\WINDOWS\SYSTEM32;C:\WINDOWS\WinSxS\amd64_microsoft.windows.common-controls_6595b64144ccf1df_6.0.19041.1110_none_60b5254171f9507e;D:\java jdk\bin\server

VM Arguments:
jvm_args: -Dfile.encoding=Cp1252 -XX:+ShowCodeDetailsInExceptionMessages 
java_command: bankManagement.MiniStatement
java_class_path (initial): D:\adarsh cn\java pgm\bank management system\bin;D:\adarsh cn\java pgm\bank management system\src\jar\jcalendar-tz-1.3.3-4.jar;D:\adarsh cn\java pgm\bank management system\src\jar\mysql-connector-java-8.0.28.jar
Launcher Type: SUN_STANDARD

[Global flags]
     intx CICompilerCount                          = 3                                         {product} {ergonomic}
     uint ConcGCThreads                            = 1                                         {product} {ergonomic}
     uint G1ConcRefinementThreads                  = 4                                         {product} {ergonomic}
   size_t G1HeapRegionSize                         = 1048576                                   {product} {ergonomic}
    uintx GCDrainStackTargetSize                   = 64                                        {product} {ergonomic}
   size_t InitialHeapSize                          = 134217728                                 {product} {ergonomic}
   size_t MarkStackSize                            = 4194304                                   {product} {ergonomic}
   size_t MaxHeapSize                              = 2120220672                                {product} {ergonomic}
   size_t MinHeapDeltaBytes                        = 1048576                                   {product} {ergonomic}
   size_t MinHeapSize                              = 8388608                                   {product} {ergonomic}
    uintx NonNMethodCodeHeapSize                   = 5832780                                {pd product} {ergonomic}
    uintx NonProfiledCodeHeapSize                  = 122912730                              {pd product} {ergonomic}
    uintx ProfiledCodeHeapSize                     = 122912730                              {pd product} {ergonomic}
    uintx ReservedCodeCacheSize                    = 251658240                              {pd product} {ergonomic}
     bool SegmentedCodeCache                       = true                                      {product} {ergonomic}
     bool ShowCodeDetailsInExceptionMessages       = true                                   {manageable} {command line}
   size_t SoftMaxHeapSize                          = 2120220672                             {manageable} {ergonomic}
     bool UseCompressedClassPointers               = true                           {product lp64_product} {ergonomic}
     bool UseCompressedOops                        = true                           {product lp64_product} {ergonomic}
     bool UseG1GC                                  = true                                      {product} {ergonomic}
     bool UseLargePagesIndividualAllocation        = false                                  {pd product} {ergonomic}

Logging:
Log output configuration:
 #0: stdout all=warning uptime,level,tags
 #1: stderr all=off uptime,level,tags

Environment Variables:
JAVA_HOME=C:\Users\admin\AppData\Local\Programs\Eclipse Adoptium\jdk-17.0.4.101-hotspot\
PATH=C:/Users/admin/AppData/Local/Programs/Eclipse Adoptium/jdk-17.0.4.101-hotspot/bin/server;C:/Users/admin/AppData/Local/Programs/Eclipse Adoptium/jdk-17.0.4.101-hotspot/bin;C:\Windows;C:\Windows\System32;C:\Windows\System32\Wbem;C:\Program Files\nodejs;C:\Program Files\Git\cmd;D:\adarsh%cn\java\apache-ant-1.9.16;C:\Program Files\MySQL\MySQL Shell 8.0\bin\;C:\Users\admin\AppData\Local\Programs\Eclipse Adoptium\jdk-17.0.4.101-hotspot\bin;C:\Users\admin\AppData\Local\Microsoft\WindowsApps;C:\Users\admin\AppData\Local\atom\bin;C:\Users\admin\AppData\Local\Microsoft\WindowsApps;C:\MinGW\bin;C:\Users\admin\AppData\Local\hyper\app-3.0.2\resources\bin;C:\Users\admin\AppData\Roaming\npm;D:\hyper\app-3.0.2\resources\bin;D:\visual studio code\Microsoft VS Code\bin;C:\Windows\System32;;C:\WINDOWS\system32;
USERNAME=admin
OS=Windows_NT
PROCESSOR_IDENTIFIER=Intel64 Family 6 Model 78 Stepping 3, GenuineIntel



---------------  S Y S T E M  ---------------

OS:
 Windows 10 , 64 bit Build 19041 (10.0.19041.3155)
OS uptime: 2 days 13:20 hours

CPU: total 4 (initial active 4) (2 cores per cpu, 2 threads per core) family 6 model 78 stepping 3 microcode 0xcc, cx8, cmov, fxsr, ht, mmx, 3dnowpref, sse, sse2, sse3, ssse3, sse4.1, sse4.2, popcnt, lzcnt, tsc, tscinvbit, avx, avx2, aes, erms, clmul, bmi1, bmi2, adx, fma, vzeroupper, clflush, clflushopt

Memory: 4k page, system-wide physical 8083M (1380M free)
TotalPageFile size 26758M (AvailPageFile size 110M)
current process WorkingSet (physical memory assigned to process): 10M, peak: 10M
current process commit charge ("private bytes"): 51M, peak: 179M

vm_info: Java HotSpot(TM) 64-Bit Server VM (16.0.2+7-67) for windows-amd64 JRE (16.0.2+7-67), built on Jun  8 2021 23:24:19 by "mach5one" with MS VC++ 16.7 (VS2019)

END.
